<?xml version="1.0" encoding="UTF-8"?>
<!-- Generated by org.testng.reporters.JUnitReportReporter -->
<testsuite hostname="DESKTOP-KJ400B0" failures="0" tests="1" name="com.test.LoginPageTest" time="3.599" errors="0" timestamp="2022-10-27T16:07:50 IST" skipped="0">
  <testcase classname="com.test.LoginPageTest" name="loginPageTest" time="3.599"/>
  <system-out/>
</testsuite> <!-- com.test.LoginPageTest -->
