<?xml version="1.0" encoding="UTF-8"?>
<!-- Generated by org.testng.reporters.JUnitReportReporter -->
<testsuite hostname="DESKTOP-KJ400B0" failures="0" tests="1" name="com.test.GooglePage" time="6.547" errors="0" timestamp="2022-10-27T16:33:11 IST" skipped="0">
  <testcase classname="com.test.GooglePage" name="googlePageTest" time="6.547"/>
  <system-out/>
</testsuite> <!-- com.test.GooglePage -->
