<?xml version="1.0" encoding="UTF-8"?>
<!-- Generated by org.testng.reporters.JUnitReportReporter -->
<testsuite hostname="DESKTOP-KJ400B0" failures="0" tests="2" name="com.service.TestingHookMethods" time="0.004" errors="0" timestamp="2022-10-26T18:53:18 IST" skipped="0">
  <testcase classname="com.service.TestingHookMethods" name="test1" time="0.003"/>
  <system-out/>
  <testcase classname="com.service.TestingHookMethods" name="test2" time="0.001"/>
  <system-out/>
</testsuite> <!-- com.service.TestingHookMethods -->
