<?xml version="1.0" encoding="UTF-8"?>
<!-- Generated by org.testng.reporters.JUnitReportReporter -->
<testsuite hostname="DESKTOP-KJ400B0" failures="0" tests="4" name="com.service.TestPriority" time="0.010" errors="0" timestamp="2022-10-26T18:43:59 IST" skipped="0">
  <testcase classname="com.service.TestPriority" name="b" time="0.008"/>
  <system-out/>
  <testcase classname="com.service.TestPriority" name="d" time="0.001"/>
  <system-out/>
  <testcase classname="com.service.TestPriority" name="a" time="0.000"/>
  <system-out/>
  <testcase classname="com.service.TestPriority" name="c" time="0.001"/>
  <system-out/>
</testsuite> <!-- com.service.TestPriority -->
