<?xml version="1.0" encoding="UTF-8"?>
<!-- Generated by org.testng.reporters.JUnitReportReporter -->
<testsuite hostname="DESKTOP-KJ400B0" failures="0" tests="4" name="com.service.EmployeeServiceTest" time="0.009" errors="0" timestamp="2022-10-26T18:53:18 IST" skipped="2">
  <testcase classname="com.service.EmployeeServiceTest" name="listOfEmployeeTest" time="0.008"/>
  <system-out/>
  <testcase classname="com.service.EmployeeServiceTest" name="updateSalaryTest" time="0.001"/>
  <system-out/>
  <testcase classname="com.service.EmployeeServiceTest" name="getEmployeeDetailsTest">
    <skipped/>
  </testcase> <!-- getEmployeeDetailsTest -->
  <system-out/>
  <testcase classname="com.service.EmployeeServiceTest" name="checkUserTest">
    <skipped/>
  </testcase> <!-- checkUserTest -->
  <system-out/>
</testsuite> <!-- com.service.EmployeeServiceTest -->
