<?xml version="1.0" encoding="UTF-8"?>
<!-- Generated by org.testng.reporters.JUnitReportReporter -->
<testsuite hostname="DESKTOP-KJ400B0" failures="0" tests="3" name="com.service.CarTesting" time="0.002" errors="0" timestamp="2022-10-26T18:53:18 IST" skipped="0">
  <testcase classname="com.service.CarTesting" name="mailage" time="0.001"/>
  <system-out/>
  <testcase classname="com.service.CarTesting" name="speed" time="0.000"/>
  <system-out/>
  <testcase classname="com.service.CarTesting" name="color" time="0.001"/>
  <system-out/>
</testsuite> <!-- com.service.CarTesting -->
