<?xml version="1.0" encoding="UTF-8"?>
<!-- Generated by org.testng.reporters.JUnitReportReporter -->
<testsuite hostname="DESKTOP-KJ400B0" failures="0" tests="3" name="com.service.BikeTesting" time="0.003" errors="0" timestamp="2022-10-26T18:53:18 IST" skipped="0">
  <testcase classname="com.service.BikeTesting" name="color" time="0.001"/>
  <system-out/>
  <testcase classname="com.service.BikeTesting" name="mailage" time="0.001"/>
  <system-out/>
  <testcase classname="com.service.BikeTesting" name="speed" time="0.001"/>
  <system-out/>
</testsuite> <!-- com.service.BikeTesting -->
